<?xml version="1.0" encoding="UTF-8"?>
<!-- Generated by org.testng.reporters.JUnitReportReporter -->
<testsuite hostname="DESKTOP-4U8FD87" failures="0" tests="3" name="api.test.PetTests" time="7.388" errors="0" timestamp="2024-06-16T18:23:12 IST" skipped="0">
  <testcase classname="api.test.PetTests" name="testAddPet" time="4.385"/>
  <system-out/>
  <testcase classname="api.test.PetTests" name="getPet" time="1.403"/>
  <system-out/>
  <testcase classname="api.test.PetTests" name="deletePet" time="1.600"/>
  <system-out/>
</testsuite> <!-- api.test.PetTests -->
