<?xml version="1.0" encoding="UTF-8"?>
<!-- Generated by org.testng.reporters.JUnitReportReporter -->
<testsuite hostname="DESKTOP-4U8FD87" failures="0" tests="1" name="api.payload.Pet" time="0.018" errors="0" timestamp="2024-06-15T22:31:11 IST" skipped="0">
  <testcase classname="api.payload.Pet" name="test" time="0.018"/>
  <system-out/>
</testsuite> <!-- api.payload.Pet -->
