<?xml version="1.0" encoding="UTF-8"?>
<!-- Generated by org.testng.reporters.JUnitReportReporter -->
<testsuite hostname="DESKTOP-4U8FD87" failures="0" tests="4" name="api.test.UserTests2" time="10.837" errors="0" timestamp="2024-06-12T19:47:33 IST" skipped="0">
  <testcase classname="api.test.UserTests2" name="testPostUser" time="4.672"/>
  <system-out/>
  <testcase classname="api.test.UserTests2" name="getUserByName" time="1.450"/>
  <system-out/>
  <testcase classname="api.test.UserTests2" name="updateUserByName" time="3.118"/>
  <system-out/>
  <testcase classname="api.test.UserTests2" name="testDeleteUserByName" time="1.597"/>
  <system-out/>
</testsuite> <!-- api.test.UserTests2 -->
