<?xml version="1.0" encoding="UTF-8"?>
<!-- Generated by org.testng.reporters.JUnitReportReporter -->
<testsuite hostname="DESKTOP-4U8FD87" failures="0" tests="3" name="api.test.StoreTests" time="6.781" errors="0" timestamp="2024-06-15T15:55:56 IST" skipped="0">
  <testcase classname="api.test.StoreTests" name="testPostOrder" time="3.698"/>
  <system-out/>
  <testcase classname="api.test.StoreTests" name="testGetOrder" time="1.643"/>
  <system-out/>
  <testcase classname="api.test.StoreTests" name="testdeleteOrder" time="1.440"/>
  <system-out/>
</testsuite> <!-- api.test.StoreTests -->
