<?xml version="1.0" encoding="UTF-8"?>
<!-- Generated by org.testng.reporters.JUnitReportReporter -->
<testsuite hostname="DESKTOP-4U8FD87" failures="0" tests="4" name="api.test.UserTests" time="52.229" errors="0" timestamp="2024-06-12T17:22:15 IST" skipped="0">
  <testcase classname="api.test.UserTests" name="testPostUser" time="25.135"/>
  <system-out/>
  <testcase classname="api.test.UserTests" name="getUserByName" time="1.584"/>
  <system-out/>
  <testcase classname="api.test.UserTests" name="updateUserByName" time="23.955"/>
  <system-out/>
  <testcase classname="api.test.UserTests" name="testDeleteUserByName" time="1.555"/>
  <system-out/>
</testsuite> <!-- api.test.UserTests -->
