<?xml version="1.0" encoding="UTF-8"?>
<!-- Generated by org.testng.reporters.JUnitReportReporter -->
<testsuite hostname="DESKTOP-4U8FD87" failures="0" tests="6" name="api.test.DDTests" time="51.503" errors="0" timestamp="2024-06-12T16:26:16 IST" skipped="0">
  <testcase classname="api.test.DDTests" name="testPostUser" time="23.689"/>
  <system-out/>
  <testcase classname="api.test.DDTests" name="testPostUser" time="22.439"/>
  <system-out/>
  <testcase classname="api.test.DDTests" name="testPostUser" time="1.330"/>
  <system-out/>
  <testcase classname="api.test.DDTests" name="testDeleteUserByName" time="1.181"/>
  <system-out/>
  <testcase classname="api.test.DDTests" name="testDeleteUserByName" time="1.430"/>
  <system-out/>
  <testcase classname="api.test.DDTests" name="testDeleteUserByName" time="1.434"/>
  <system-out/>
</testsuite> <!-- api.test.DDTests -->
