<?xml version="1.0" encoding="UTF-8"?>
<!-- Generated by org.testng.reporters.JUnitReportReporter -->
<testsuite hostname="DESKTOP-4U8FD87" failures="0" tests="4" name="api.test.UserTests2" time="7.620" errors="0" timestamp="2024-06-15T16:02:33 IST" skipped="0">
  <testcase classname="api.test.UserTests2" name="testPostUser" time="1.476"/>
  <system-out/>
  <testcase classname="api.test.UserTests2" name="getUserByName" time="1.532"/>
  <system-out/>
  <testcase classname="api.test.UserTests2" name="updateUserByName" time="3.072"/>
  <system-out/>
  <testcase classname="api.test.UserTests2" name="testDeleteUserByName" time="1.540"/>
  <system-out/>
</testsuite> <!-- api.test.UserTests2 -->
