<?xml version="1.0" encoding="UTF-8"?>
<!-- Generated by org.testng.reporters.JUnitReportReporter -->
<testsuite hostname="DESKTOP-4U8FD87" failures="0" tests="3" name="api.test.StoreTests" time="5.687" errors="0" timestamp="2024-06-15T16:02:33 IST" skipped="0">
  <testcase classname="api.test.StoreTests" name="testPostOrder" time="2.085"/>
  <system-out/>
  <testcase classname="api.test.StoreTests" name="testGetOrder" time="1.707"/>
  <system-out/>
  <testcase classname="api.test.StoreTests" name="testdeleteOrder" time="1.895"/>
  <system-out/>
</testsuite> <!-- api.test.StoreTests -->
