<?xml version="1.0" encoding="UTF-8"?>
<!-- Generated by org.testng.reporters.JUnitReportReporter -->
<testsuite hostname="DESKTOP-4U8FD87" failures="0" tests="6" name="api.test.DDTests" time="9.163" errors="0" timestamp="2024-06-15T16:02:33 IST" skipped="0">
  <testcase classname="api.test.DDTests" name="testPostUser" time="1.543"/>
  <system-out/>
  <testcase classname="api.test.DDTests" name="testPostUser" time="1.531"/>
  <system-out/>
  <testcase classname="api.test.DDTests" name="testPostUser" time="1.536"/>
  <system-out/>
  <testcase classname="api.test.DDTests" name="testDeleteUserByName" time="1.537"/>
  <system-out/>
  <testcase classname="api.test.DDTests" name="testDeleteUserByName" time="1.534"/>
  <system-out/>
  <testcase classname="api.test.DDTests" name="testDeleteUserByName" time="1.482"/>
  <system-out/>
</testsuite> <!-- api.test.DDTests -->
