<?xml version="1.0" encoding="UTF-8"?>
<!-- Generated by org.testng.reporters.JUnitReportReporter -->
<testsuite hostname="DESKTOP-4U8FD87" failures="0" tests="4" name="api.test.UserTests" time="9.356" errors="0" timestamp="2024-06-15T16:02:33 IST" skipped="0">
  <testcase classname="api.test.UserTests" name="testPostUser" time="3.156"/>
  <system-out/>
  <testcase classname="api.test.UserTests" name="getUserByName" time="1.580"/>
  <system-out/>
  <testcase classname="api.test.UserTests" name="updateUserByName" time="3.074"/>
  <system-out/>
  <testcase classname="api.test.UserTests" name="testDeleteUserByName" time="1.546"/>
  <system-out/>
</testsuite> <!-- api.test.UserTests -->
