<?xml version="1.0" encoding="UTF-8"?>
<!-- Generated by org.testng.reporters.JUnitReportReporter -->
<testsuite hostname="DESKTOP-4U8FD87" failures="0" tests="4" name="api.test.UserTests2" time="10.480" errors="0" timestamp="2024-06-13T17:44:40 IST" skipped="0">
  <testcase classname="api.test.UserTests2" name="testPostUser" time="4.404"/>
  <system-out/>
  <testcase classname="api.test.UserTests2" name="getUserByName" time="1.601"/>
  <system-out/>
  <testcase classname="api.test.UserTests2" name="updateUserByName" time="2.859"/>
  <system-out/>
  <testcase classname="api.test.UserTests2" name="testDeleteUserByName" time="1.616"/>
  <system-out/>
</testsuite> <!-- api.test.UserTests2 -->
